<?xml version="1.0" encoding="UTF-8"?>
<!-- Generated by org.testng.reporters.JUnitReportReporter -->
<testsuite hostname="LTIN180827" name="com.test.TestNewProject" tests="1" failures="0" timestamp="7 Dec 2020 02:20:01 GMT" time="0.225" errors="0">
  <testcase name="registerUser" time="0.225" classname="com.test.TestNewProject"/>
</testsuite> <!-- com.test.TestNewProject -->
